         w __deregister_frame_info
         w __register_frame_info
         w __syscall_lock_close_recursive
         w userAppExit
         w userAppInit
00000000 00000802 B __ctru_dev_utf16_buf
00000000 b _TLS_MODULE_BASE_
00000000 a shift
00000000 a shift
00000804 00000401 B __ctru_dev_path_buf
00100000 A __start__
00100000 T _start
00100008 T __service_ptr
0010000c T __apt_appid
00100010 T __heap_size
00100014 T __linear_heap_size
00100018 T __system_arglist
0010001c T __system_runflags
00100020 t startup
00100058 t ClearMem
0010006c t ClrLoop
00100094 T _init
001000ac T __aeabi_idiv
001000ac 00000220 T __divsi3
001000b4 t .divsi3_skip_div0_test
001002cc 00000020 T __aeabi_idivmod
001002ec 00000004 W __aeabi_idiv0
001002ec 00000004 W __aeabi_ldiv0
001002f0 T __aeabi_drsub
001002f8 000002b0 T __aeabi_dsub
001002f8 000002b0 T __subdf3
001002fc 000002ac T __adddf3
001002fc 000002ac T __aeabi_dadd
001005a8 00000024 T __aeabi_ui2d
001005a8 00000024 T __floatunsidf
001005cc 00000028 T __aeabi_i2d
001005cc 00000028 T __floatsidf
001005f4 00000048 T __aeabi_f2d
001005f4 00000048 T __extendsfdf2
0010063c 00000074 T __aeabi_ul2d
0010063c 00000074 T __floatundidf
00100650 00000060 T __aeabi_l2d
00100650 00000060 T __floatdidf
001006b0 T __aeabi_uldivmod
00100708 00000390 T strcmp
00100a90 t .udivsi3_skip_div0_test
00100a90 T __aeabi_uidiv
00100a90 000001ec T __udivsi3
00100c7c 00000020 T __aeabi_uidivmod
00100c9c t __do_global_dtors_aux
00100cdc t frame_dummy
00100d08 0000003c T createHead
00100d44 00000064 T updateSnakeMoveDir
00100da8 000000a8 T moveSnake
00100e50 00000060 T deallocSnake
00100eb0 00000044 T initGrid
00100ef4 00000034 T deallocGrid
00100f28 000003e0 T main
00101308 00000044 t C2Di_FrameEndHook
00101350 0000036c T C2D_Init
001016bc 0000004c T C2D_Fini
00101708 000000b8 T C2D_Prepare
001017c0 00000048 T C2D_Flush
00101808 00000104 T C2D_SceneSize
0010190c 00000058 T C2D_CreateScreenTarget
00101964 00000064 T C2D_TargetClear
001019c8 00000058 T C2Di_AppendQuad
00101a20 00000550 T C2Di_Update
00101f70 00000158 T C2D_DrawRectangle
001020c8 00000004 W C3Di_LightEnvUpdate
001020cc 00000004 W C3Di_LightEnvDirty
001020d0 000000b4 t C3Di_AptEventHook
00102184 00000004 W C3Di_GasUpdate
00102188 000001e0 T C3D_Init
00102368 00000098 T C3D_SetViewport
00102400 000004e8 T C3Di_UpdateContext
001028e8 000000e0 T C3Di_SplitFrame
001029c8 00000010 T C3D_GetCmdBufUsage
001029d8 00000044 T C3D_Fini
00102a1c 00000114 T C3D_BindProgram
00102b30 0000004c t onVBlank0
00102b7c 0000004c t onVBlank1
00102bc8 00000080 t C3Di_RenderTargetDestroy
00102c48 000000f4 t onQueueFinish
00102d3c 00000038 T C3Di_RenderQueueEnableVBlank
00102d74 00000030 T C3Di_RenderQueueDisableVBlank
00102da4 00000060 T C3Di_RenderQueueInit
00102e04 000000b0 T C3Di_RenderQueueExit
00102eb4 00000034 T C3Di_RenderQueueWaitDone
00102ee8 000000e4 T C3D_FrameBegin
00102fcc 00000048 T C3D_FrameDrawOn
00103014 00000058 T C3D_FrameSplit
0010306c 000001d8 T C3D_FrameEnd
00103244 0000001c T C3D_FrameEndHook
00103260 00000018 T C3D_GetDrawingTime
00103278 00000018 T C3D_GetProcessingTime
00103290 00000184 T C3D_RenderTargetCreate
00103414 000000a8 T C3D_RenderTargetSetOutput
001034bc 00000044 T C3D_TexBind
00103500 0000016c T C3Di_SetTex
0010366c 0000001c T C3D_CalcColorBufSize
00103688 0000001c T C3D_CalcDepthBufSize
001036a4 00000044 T C3D_SetFrameBuf
001036e8 0000016c T C3Di_FrameBufBind
00103854 000000c8 T C3D_FrameBufClear
0010391c 00000044 T C3D_FrameBufTransfer
00103960 00000034 T C3D_GetTexEnv
00103994 00000024 T C3Di_TexEnvBind
001039b8 00000218 T C3D_DrawElements
00103bd0 00000070 T C3D_ProcTexInit
00103c40 00000054 T C3D_ProcTexBind
00103c94 0000005c T C3D_ProcTexLutBind
00103cf0 000000a4 T ProcTexLut_FromArray
00103d94 0000017c T C3Di_ProcTexUpdate
00103f10 00000068 T C3Di_ProcTexDirty
00103f78 00000024 T BufInfo_Init
00103f9c 00000080 T BufInfo_Add
0010401c 00000040 T C3D_SetBufInfo
0010405c 00000048 T C3Di_BufInfoBind
001040a4 00000040 T C3D_DepthMap
001040e4 0000001c T C3D_CullFace
00104100 00000040 T C3D_StencilTest
00104140 00000024 T C3D_StencilOp
00104164 0000001c T C3D_BlendingColor
00104180 00000024 T C3D_EarlyDepthTest
001041a4 0000002c T C3D_DepthTest
001041d0 0000002c T C3D_AlphaTest
001041fc 00000050 T C3D_AlphaBlend
0010424c 00000030 T C3D_FragOpMode
0010427c 00000044 T C3D_FragOpShadow
001042c0 000001ac T C3Di_EffectBind
0010446c 00000028 T AttrInfo_Init
00104494 00000094 T AttrInfo_AddLoader
00104528 00000054 T C3D_SetAttrInfo
0010457c 00000080 T C3Di_AttrInfoBind
001045fc 000000a8 T C3D_ImmSendAttrib
001046a4 00000280 T C3D_UpdateUniforms
00104924 000000c0 T C3Di_DirtyUniforms
001049e4 000000d8 T C3Di_LoadShaderUniforms
00104abc 00000028 T C3Di_ClearShaderUniforms
00104ae4 000000cc T Mtx_Ortho
00104bb0 000000cc T Mtx_OrthoTilt
00104c7c 00000024 t addrMapNodeComparator(rbtree_node const*, rbtree_node const*)
00104ca0 00000004 t addrMapNodeDestructor(rbtree_node*)
00104ca4 00000250 T vramMemAlignAt
00104ef4 0000000c T vramAlloc
00104f00 0000000c T vramAllocAt
00104f0c 00000090 T vramFree
00104f9c 00000024 t addrMapNodeComparator(rbtree_node const*, rbtree_node const*)
00104fc0 00000004 t addrMapNodeDestructor(rbtree_node*)
00104fc4 00000120 T linearMemAlign
001050e4 00000008 T linearAlloc
001050ec 0000005c T linearFree
00105148 00000080 T MemPool::CoalesceRight(MemBlock*)
001051c8 0000016c T MemPool::Allocate(MemChunk&, unsigned long, int)
00105334 000000fc T MemPool::Deallocate(MemChunk const&)
00105430 00000030 T MemPool::GetFreeSpace()
00105460 00000074 T osConvertVirtToPhys
001054d8 00000038 T osTickCounterRead
00105510 00000034 T __ctru_speedup_config
00105544 000001e8 t parseColor
0010572c 000001ac T consoleDrawChar
001058d8 00000124 T consolePrintChar
001059fc 00000b94 T con_write
00106590 000000fc t newRow
0010668c 00000168 T consoleInit
001067f4 000000d0 t gfxPresentFramebuffer
001068c4 0000001c T gfxIsWide
001068e0 000000ec T gfxSetScreenFormat
001069cc 00000010 T gfxSetDoubleBuffering
001069dc 000000e0 T gfxInit
00106abc 00000010 T gfxInitDefault
00106acc 000000b4 T gfxExit
00106b80 000000a0 T gfxGetFramebuffer
00106c20 00000104 T gfxFlushBuffers
00106d24 00000030 T gfxScreenSwapBuffers
00106d54 00000050 T gfxSwapBuffersGpu
00106da4 000001d4 T shaderInstanceInit
00106f78 00000018 T shaderInstanceGetUniformLocation
00106f90 0000001c T shaderProgramInit
00106fac 00000064 T shaderProgramFree
00107010 00000080 T shaderProgramSetVsh
00107090 000008e0 T shaderProgramConfigure
00107970 000001cc t DVLE_GenerateOutmap.part.0
00107b3c 000001b4 T DVLB_ParseFile
00107cf0 00000038 T DVLB_Free
00107d28 00000074 T DVLE_GetUniformRegister
00107d9c 00000010 T GX_BindQueue
00107dac 00000078 T GX_ProcessCommandList
00107e24 00000074 T GX_MemoryFill
00107e98 00000070 T GX_DisplayTransfer
00107f08 00000068 t gxCmdQueueDoCommands.part.0
00107f70 000000c8 T gxCmdQueueInterrupt
00108038 0000004c T gxCmdQueueClear
00108084 000000f8 T gxCmdQueueAdd
0010817c 00000080 T gxCmdQueueRun
001081fc 00000060 T gxCmdQueueStop
0010825c 00000074 T gxCmdQueueWait
001082d0 0000013c T GPUCMD_Add
0010840c 000000b0 T GPUCMD_Split
001084bc 00000034 T f32tof16
001084f0 00000034 T f32tof24
00108524 00000038 T f32tof31
0010855c 00000c58 t gspHardwareInit
001091b4 00000248 T gspInit
001093fc 000000f0 T gspExit
001094ec 00000010 T gspHasGpuRight
001094fc 000000a0 T gspPresentBuffer
0010959c 00000030 T gspSetEventCallback
001095cc 00000044 T gspWaitForEvent
00109610 0000004c T gspWaitForAnyEvent
0010965c 00000158 t gspEventThreadMain
001097b4 00000130 T gspSubmitGxCommand
001098e4 00000050 T GSPGPU_FlushDataCache
00109934 00000034 T GSPGPU_SetLcdForceBlack
00109968 00000068 T GSPGPU_AcquireRight
001099d0 00000048 T GSPGPU_ReleaseRight
00109a18 0000007c T GSPGPU_ImportDisplayCaptureInfo
00109a94 0000002c T GSPGPU_SaveVramSysArea
00109ac0 0000002c T GSPGPU_RestoreVramSysArea
00109aec 000001a4 t aptConvertScreenForCapture
00109c90 00000008 W aptDspSleep
00109c98 00000004 W aptDspWakeup
00109c9c 00000004 W aptDspCancel
00109ca0 00000158 T aptSendCommand
00109df8 00000044 t aptExitProcess
00109e3c 000002f4 T aptExit
0010a130 000000e0 T aptHandleSleep
0010a210 00000030 T aptHook
0010a240 00000030 T aptUnhook
0010a270 00000084 T APT_SleepIfShellClosed
0010a2f4 00000084 T aptSetSleepAllowed
0010a378 00000084 T APT_UnlockTransition
0010a400 000004a4 t aptEventHandler
0010a8a4 000000b0 T APT_ReceiveParameter
0010a954 000000b0 t aptReceiveParameter.constprop.0
0010aa08 000002ac t aptScreenTransfer
0010acb4 00000344 t aptWaitForWakeUp.isra.0
0010aff8 00000100 T aptJumpToHomeMenu
0010b0f8 00000048 T aptMainLoop
0010b140 0000022c T aptInit
0010b36c 0000007c T APT_CheckNew3DS
0010b3e8 00000024 W hidShouldUseIrrst
0010b40c 0000018c T hidInit
0010b598 000000e8 T hidExit
0010b680 000002a4 T hidScanInput
0010b924 00000010 T hidKeysDown
0010b934 00000074 T ptmSysmInit
0010b9a8 0000003c T ptmSysmExit
0010b9e4 00000034 T PTMSYSM_ConfigureNew3DSCPU
0010ba18 00000010 T rbtree_init
0010ba28 000001b4 t do_insert
0010bbdc 00000008 T rbtree_insert
0010bbe4 00000090 T rbtree_rotate
0010bc74 00000318 T rbtree_remove
0010bf8c 00000074 T rbtree_find
0010c000 000001e0 W __system_allocateHeaps
0010c1e0 00000038 W __libctru_init
0010c218 00000170 W __system_initArgv
0010c388 T svcControlMemory
0010c3a8 T svcQueryMemory
0010c3d8 T svcExitProcess
0010c3e0 T svcCreateThread
0010c400 T svcExitThread
0010c408 T svcSleepThread
0010c410 T svcReleaseMutex
0010c418 T svcCreateEvent
0010c42c T svcSignalEvent
0010c434 T svcClearEvent
0010c43c T svcMapMemoryBlock
0010c444 T svcUnmapMemoryBlock
0010c44c T svcCreateAddressArbiter
0010c460 T svcArbitrateAddressNoTimeout
0010c468 T svcCloseHandle
0010c470 T svcWaitSynchronization
0010c478 T svcWaitSynchronizationN
0010c4a0 T svcDuplicateHandle
0010c4b4 T svcGetSystemTick
0010c4bc T svcConnectToPort
0010c4d0 T svcSendSyncRequest
0010c4d8 T svcGetResourceLimit
0010c4ec T svcGetResourceLimitLimitValues
0010c4f4 T svcGetResourceLimitCurrentValues
0010c4fc T svcBreak
0010c504 W initSystem
0010c554 W __ctru_exit
0010c56c 0000000c T __sync_init
0010c578 00000018 T __sync_fini
0010c590 0000002c T syncArbitrateAddress
0010c5bc 000000b0 T LightLock_Lock
0010c66c 00000040 T LightLock_Unlock
0010c6ac 00000024 T RecursiveLock_Init
0010c6d0 00000030 T RecursiveLock_Lock
0010c700 00000054 T RecursiveLock_Unlock
0010c754 00000040 T LightEvent_Init
0010c794 000000a4 T LightEvent_Clear
0010c838 000000c8 T LightEvent_Signal
0010c900 00000050 T LightEvent_TryWait
0010c950 000000b0 T LightEvent_Wait
0010ca00 00000130 T srvInit
0010cb30 00000058 T srvExit
0010cb88 000000a0 T srvGetServiceHandleDirect
0010cc28 00000038 T srvGetServiceHandle
0010cc60 00000038 T srvPublishToSubscriber
0010cc98 00000178 T threadCreate
0010ce10 0000002c T threadFree
0010ce3c 00000024 T threadJoin
0010ce60 00000030 T threadGetCurrent
0010ce90 00000040 T threadExit
0010ced0 00000020 t _thread_begin
0010cef0 000000b4 t mappableFindAddressWithin
0010cfa4 00000028 T mappableInit
0010cfcc 00000080 T mappableAlloc
0010d04c 00000004 T mappableFree
0010d050 00000164 T irrstInit
0010d1b4 000000cc T irrstExit
0010d280 000000b4 T irrstScanInput
0010d334 00000024 T irrstKeysHeld
0010d358 0000000c T srvPmGetSessionHandle
0010d364 0000005c T rbtree_node_next
0010d3c0 00000030 W __appInit
0010d3f0 00000030 T __syscall_getreent
0010d420 00000004 T __syscall_lock_acquire
0010d424 00000004 T __syscall_lock_release
0010d428 00000004 T __syscall_lock_init_recursive
0010d42c 00000004 T __syscall_lock_acquire_recursive
0010d430 00000004 T __syscall_lock_release_recursive
0010d434 00000004 T __syscall_exit
0010d438 00000050 T initThreadVars
0010d488 00000068 T __system_initSyscalls
0010d4f0 00000030 W __appExit
0010d520 00000090 W __libctru_exit
0010d5b0 00000084 W envGetHandle
0010d634 00000050 W envDestroyHandles
0010d684 00000014 t archive_link
0010d698 00000014 t archive_dirreset
0010d6ac 00000014 t archive_chmod
0010d6c0 00000024 t error_cmp
0010d6e4 00000050 t archive_translate_error
0010d734 000000c8 t archive_seek
0010d7fc 0000007c t _archiveInit.part.0
0010d878 000000c4 t archiveFindDevice.part.0
0010d93c 0000025c t archive_utf16path
0010db98 000000a0 t _archiveUnmountDeviceStruct.part.0
0010dc38 00000014 t archive_fchmod
0010dc4c 00000014 t archive_statvfs
0010dc60 00000164 t _archiveMountDevice
0010ddc4 000000e8 t archive_diropen
0010deac 000000a4 t archive_fstat
0010df50 0000006c t archive_close
0010dfbc 0000006c t archive_fsync
0010e028 00000070 t archive_dirclose
0010e098 000000e8 t sdmc_statvfs
0010e180 000000ec t archive_chdir
0010e26c 0000007c t archive_ftruncate
0010e2e8 000000ac t archive_read
0010e394 000000a4 t archive_unlink
0010e438 000000bc t archive_rmdir
0010e4f4 000000dc t archive_mkdir
0010e5d0 0000019c t archive_stat
0010e76c 0000015c t archive_dirnext
0010e8c8 000000ec t archive_write
0010e9b4 000001d4 t archive_open
0010eb88 00000278 t archive_rename
0010ee00 0000019c T archiveMountSdmc
0010ef9c 00000054 T archiveUnmountAll
0010eff0 000000cc T fsInit
0010f0bc 0000003c T fsExit
0010f0f8 00000060 T fsExemptFromSession
0010f158 00000050 T fsUnexemptFromSession
0010f1a8 000000cc T FSUSER_OpenFile
0010f274 000000bc T FSUSER_DeleteFile
0010f330 000000f8 T FSUSER_RenameFile
0010f428 000000bc T FSUSER_DeleteDirectory
0010f4e4 000000d4 T FSUSER_CreateFile
0010f5b8 000000c4 T FSUSER_CreateDirectory
0010f67c 000000f8 T FSUSER_RenameDirectory
0010f774 000000b4 T FSUSER_OpenDirectory
0010f828 00000098 T FSUSER_OpenArchive
0010f8c0 0000008c T FSUSER_CloseArchive
0010f94c 00000074 T FSUSER_GetSdmcArchiveResource
0010f9c0 00000064 T FSUSER_IsSdmcWritable
0010fa24 00000058 T FSFILE_Read
0010fa7c 00000060 T FSFILE_Write
0010fadc 0000003c T FSFILE_GetSize
0010fb18 00000028 T FSFILE_SetSize
0010fb40 0000003c T FSFILE_Close
0010fb7c 00000024 T FSFILE_Flush
0010fba0 00000050 T FSDIR_Read
0010fbf0 0000003c T FSDIR_Close
0010fc2c 000000e8 T utf16_to_utf8
0010fd14 00000064 T decode_utf16
0010fd78 0000013c T decode_utf8
0010feb4 000000c0 T utf8_to_utf16
0010ff74 T __aeabi_read_tp
0010ff80 00000054 T encode_utf16
0010ffd4 000000e0 T encode_utf8
001100b4 00000120 T __udivmoddi4
001101d4 00000078 T bsearch
0011024c 00000020 T calloc
0011026c 000000c0 T _calloc_r
0011032c 0000000c T __errno
00110338 00000034 T exit
0011036c 00000234 T __sflush_r
001105a0 00000094 T _fflush_r
00110634 0000000c T _cleanup_r
00110640 00000184 T __sinit
001107c4 0000000c T __sfp_lock_acquire
001107d0 0000000c T __sfp_lock_release
001107dc 0000003c T __libc_fini_array
00110818 000000f8 T _malloc_trim_r
00110910 000002e8 T _free_r
00110bf8 00000070 T _fwalk_reent
00110c68 00000084 T __libc_init_array
00110cec 00000020 T memalign
00110d0c 0000014c T _memalign_r
00110e58 00000018 T malloc
00110e70 00000018 T free
00110e88 000007e4 T _malloc_r
0011166c 000000e4 T memchr
00111750 00000118 T memcpy
00111868 000000f4 T memset
0011195c 0000000c T __malloc_lock
00111968 0000000c T __malloc_unlock
00111974 00000034 T printf
001119a8 0000025c T setvbuf
00111c04 00000074 T sscanf
00111c78 00000044 T __sread
00111cbc 00000008 T __seofread
00111cc4 00000068 T __swrite
00111d2c 00000044 T __sseek
00111d70 00000008 T __sclose
00111d78 0000005c T strlen
00111dd4 000000e4 T strncat
00111eb8 000000e4 T strncmp
00111f9c 000000c4 T strncpy
00112060 00000048 T strnlen
001120a8 000001c4 t _strtoul_l.constprop.0
0011226c 00000004 T _strtoul_r
00112270 00000028 T strtoul
00112298 00000050 t get_arg
001122e8 00002c38 T __ssvfscanf_r
00114f20 0000066c t get_arg
00115590 0000339c T _vfprintf_r
0011892c 000000d0 t __sbprintf
001189fc 00000054 T _wcrtomb_r
00118a50 00000028 T _wcsrtombs_r
00118a78 0000013c T __swsetup_r
00118bb4 00000114 T __call_exitprocs
00118cc8 000001b0 t quorem
00118e78 000011f8 T _dtoa_r
0011a070 0000015c T _fclose_r
0011a1cc 00000008 T iswspace
0011a1d4 0000000c T _localeconv_r
0011a1e0 00000010 T __locale_mb_cur_max
0011a1f0 00000138 T __smakebuf_r
0011a328 0000008c T __swhatbuf_r
0011a3b4 00000068 T _mbrtowc_r
0011a41c 000002f8 T __utf8_mbtowc
0011a714 00000088 T _Balloc
0011a79c 0000001c T _Bfree
0011a7b8 000000f4 T __multadd
0011a8ac 00000110 T __s2b
0011a9bc 00000060 T __hi0bits
0011aa1c 0000009c T __lo0bits
0011aab8 000000a8 T __i2b
0011ab60 00000204 T __multiply
0011ad64 00000124 T __pow5mult
0011ae88 00000140 T __lshift
0011afc8 00000058 T __mcmp
0011b020 000001ec T __mdiff
0011b20c 00000068 T __ulp
0011b274 000000d0 T __b2d
0011b344 00000120 T __d2b
0011b464 00000078 T __ratio
0011b4dc 00000088 T __copybits
0011b564 0000005c T __any_on
0011b5c0 00000020 T realloc
0011b5e0 000004a0 T _realloc_r
0011ba80 000000f4 T __sccl
0011bb74 0000000c T nanf
0011bb80 00000088 T frexp
0011bc08 00000064 T sprintf
0011bc6c 000000cc T stpncpy
0011bd38 00000130 T strchr
0011be68 00000064 t sulp
0011bed0 000013a8 T _strtod_l
0011d278 0000000c T _strtod_r
0011d284 0000022c t _strtoll_l.constprop.0
0011d4b0 00000004 T _strtoll_r
0011d4b4 000001a4 t _strtol_l.part.0
0011d658 0000003c T _strtol_r
0011d694 00000244 t _strtoull_l.constprop.0
0011d8d8 00000004 T _strtoull_r
0011d8dc 00000188 T __ssprint_r
0011da64 000000d4 T _sungetc_r
0011db38 0000006c T __ssrefill_r
0011dba4 000000c4 T _sfread_r
0011dc68 0000066c t get_arg
0011e2d8 00003334 T _svfprintf_r
0012160c 000000a8 T __submore
001216b4 0000066c t get_arg
00121d20 00000030 T __sprint_r
00121d50 000022ec T _vfiprintf_r
0012403c 000000d0 t __sbprintf
0012410c 00000188 T _wcsnrtombs_l
00124294 0000004c T _wcsnrtombs_r
001242e0 000000f0 T __utf8_wctomb
001243d0 0000005c T __assert_func
0012442c 0000003c T fiprintf
00124468 000004b4 T __sfvwrite_r
0012491c 000000f0 t rshift
00124a0c 00000814 T __gethex
00125220 0000004c T __match
0012526c 0000029c T __hexnan
00125508 0000003c T iswspace_l
00125544 000001d8 t __jp2uc
0012571c 0000009c T _jp2uc_l
001257b8 00000150 T memmove
00125908 00000010 T nan
00125918 00000014 T abort
0012592c 0000008c T category
001259b8 00000090 T _raise_r
00125a48 00000018 T raise
00125a60 00000008 t null_write
00125a68 00000018 T setDefaultDevice
00125a80 000000c8 T FindDevice
00125b48 00000028 T RemoveDevice
00125b70 0000009c T AddDevice
00125c0c 00000020 T GetDeviceOpTab
00125c2c 00000078 T _fstat_r
00125ca4 00000014 T _getpid_r
00125cb8 00000008 T _isatty_r
00125cc0 00000014 T _kill_r
00125cd4 00000084 T _lseek_r
00125d58 00000080 T _read_r
00125dd8 00000078 T _sbrk_r
00125e50 00000080 T _write_r
00125ed0 00000020 T _exit
00125ef0 000001a4 T _concatenate_path
00126094 00000140 T chdir
001261d4 00000008 T __flockfile
001261dc 00000008 T __funlockfile
001261e4 0000003c T __get_handle
00126220 000000f4 T _close_r
00126314 0000002c T __getreent
00126340 0000001c T __libc_lock_acquire
0012635c 0000001c T __libc_lock_release
00126378 0000001c T __libc_lock_init_recursive
00126394 0000001c T __libc_lock_acquire_recursive
001263b0 0000001c T __libc_lock_release_recursive
001263cc 0000001c T __libc_lock_close_recursive
001263e8 00000038 T __aeabi_d2lz
001263e8 00000038 T __fixdfdi
00126420 00000040 T __aeabi_d2ulz
00126420 00000040 T __fixunsdfdi
00126460 00000048 T strrchr
001264a8 T _fini
001270ac R render2d_shbin
00127238 R render2d_shbin_end
00127238 R render2d_shbin_size
0012723c 00000005 r colorFmtSizes
00127244 00000004 r depthFmtSizes
00127248 00000010 r CSWTCH.9
001272d0 00000070 r dotab_stdout
00127340 00000018 r grayScale
00127358 00000006 r colorCube
00127360 00000030 r colorTable
001273b4 00000008 r morton_y.2
001273bc 00000008 r morton_x.3
001273c4 00000008 r s_sleepWakeEvents.4
001273fc R default_font_bin
00127bfc R default_font_bin_end
00127c20 00000030 r error_table
00127c58 00000070 r archive_devoptab
00127cd0 00000004 R _global_impure_ptr
00127cdc 00000022 r basefix.0
00127d3c 00000010 r zeroes.0
00127d4c 00000010 r blanks.1
00127d5c 00000101 R _ctype_
00127e70 r .LC2
00127f64 0000000c r p05.0
00127f70 00000028 R __mprec_bigtens
00127f98 000000c8 R __mprec_tens
00128070 00000014 r fpinan.0
00128084 00000014 r fpi.1
00128098 00000028 r tinytens
001280c0 0000006c R __action_table
0012812c 0000006c R __state_table
00128198 00000100 R __chclass
00128298 00000010 r zeroes.0
001282a8 00000010 r blanks.1
001282b8 00000010 r zeroes.0
001282c8 00000010 r blanks.1
00128368 00000100 R __hexdig
0012847c 00001a7c r d02f4
00129ef8 0000172a r b02cf
0012b624 00000040 r a8
0012b664 000000a2 r a7
0012b708 00000070 r a6
0012b778 0000005b r a3
0012b7d4 000000bc r a2
0012b890 000000bc r a1
0012b94c 00003528 r categories
0012ee74 00000070 R dotab_stdnull
0012eee4 r 
0012eee4 R __exidx_end
0012eee4 R __exidx_start
0012f000 00000004 d framerate
0012f004 00000008 d framerateCounter
0012f00c 00000001 d firstConsoleInit.0
0012f010 00000004 D currentConsole
0012f014 00000048 D defaultConsole
0012f05c 00000004 d queueLock
0012f060 00000004 d kCount
0012f064 00000004 d kInterval
0012f068 00000004 d kDelay
0012f06c W __stacksize__
0012f070 00000004 D _impure_ptr
0012f078 00000460 d impure_data
0012f4d8 00000004 D __malloc_sbrk_base
0012f4dc 00000004 D __malloc_trim_threshold
0012f4e0 00000408 D __malloc_av_
0012f8e8 0000016c D __global_locale
0012fa54 0000008c D devoptab_list
0012fae0 00000004 d defaultDevice
0012fae4 00000400 d _current_working_directory
0012fee4 00001000 d handles
00130ee4 0000000c d __stderr_handle
00130ef0 0000000c d __stdout_handle
00130efc 0000000c d __stdin_handle
00130f10 d _GLOBAL_OFFSET_TABLE_
00130f1c d __frame_dummy_init_array_entry
00130f1c D __init_array_start
00130f1c B __preinit_array_end
00130f1c B __preinit_array_start
00130f1c D __tdata_lma
00130f1c D __tdata_lma_end
00130f20 d __do_global_dtors_aux_fini_array_entry
00130f20 D __fini_array_start
00130f20 D __init_array_end
00130f24 D __bss_start__
00130f24 D __fini_array_end
00130f24 b completed.1
00130f28 b object.0
00130f40 000005a8 B __C2Di_Context
001314e8 00000040 b s_projBot
00131528 00000040 b s_projTop
00131568 00000004 b uLoc_mdlvMtx
0013156c 00000004 b uLoc_projMtx
00131570 000002d0 B __C3D_Context
00131840 0000000c b hookCookie
00131850 00000010 b cpuTime
00131860 00000004 b firstTarget
00131864 00000008 b frameCounter
0013186c 00000004 b frameEndCb
00131870 00000004 b frameEndCbData
00131878 00000010 b gpuTime
00131888 00000001 b inFrame
00131889 00000001 b inSafeTransfer
0013188a 00000001 b isTopStereo
0013188c 00000004 b lastTarget
00131890 0000000c b linkedTarget
0013189c 00000001 b measureGpuTime
0013189d 00000001 b needSwapBot
0013189e 00000001 b needSwapTop
001318a0 00000004 B C3D_BoolUnifs
001318a4 00000002 B C3D_BoolUnifsDirty
001318a8 00000c00 B C3D_FVUnif
001324a8 000000c0 B C3D_FVUnifDirty
00132568 00000020 B C3D_IVUnif
00132588 00000008 B C3D_IVUnifDirty
00132590 000000c0 b C3Di_FVUnifEverDirty
00132650 00000008 b C3Di_IVUnifEverDirty
00132658 00000018 b C3Di_ShaderFVecData
00132670 00000008 b sVramPoolB
00132678 00000008 b sVramPoolA
00132680 0000000c b sAddrMap
00132690 00000008 b sLinearPool
00132698 0000000c b sAddrMap
001326a4 00000001 V __ctru_speedup
001326a8 00000048 B currentCopy
001326f0 00000004 b screenAlloc
001326f4 00000004 b screenFree
001326f8 00000002 b gfxIsDoubleBuf
001326fc 00000002 b gfxCurBuf
001326fe 00000001 b gfxIsVram
001326ff 00000001 b gfxTopMode
00132700 00000002 b gfxFramebufferFormats
00132704 00000004 b gfxBottomFramebufferMaxSize
00132708 00000004 b gfxTopFramebufferMaxSize
00132710 00000008 b gfxBottomFramebuffers
00132718 00000008 b gfxTopFramebuffers
00132720 00000004 b boundQueue
00132724 00000001 b shouldStop
00132725 00000001 b isRunning
00132726 00000001 b isActive
00132728 00000004 b curQueue
0013272c 00000004 B gpuCmdBufOffset
00132730 00000004 B gpuCmdBufSize
00132734 00000004 B gpuCmdBuf
00132738 00000007 b gspEventCbOneShot
00132740 0000001c b gspEventCbData
0013275c 0000001c b gspEventCb
00132778 00000038 b gspEvents
001327b0 00000004 b gspLastEvent
001327b4 00000001 b gspRunEvents
001327b8 00000004 b gspEventThread
001327bc 00000004 b gspEvent
001327c0 00000001 b gspGpuRight
001327c1 00000001 b gspThreadId
001327c4 00000004 b gspSharedMem
001327c8 00000004 b gspSharedMemHandle
001327cc 00000004 b gspRefCount
001327d0 00000004 b gspGpuHandle
001327d4 00000001 b flagValue.0
001327d5 00000001 b flagInit.1
001327d8 00000004 b serviceName.6
001327dc 00000001 b aptChainloadMediatype
001327e0 00000008 b aptChainloadTid
001327e8 00000001 b aptChainloadFlags
001327ec 00001000 b aptParameters
001337ec 00000004 b aptFlags
001337f0 00000001 b aptHomeButtonState
001337f4 00000004 b aptMessageFuncData
001337f8 00000004 b aptMessageFunc
001337fc 0000000c b aptFirstHook
00133808 00000001 b aptEventHandlerThreadQuit
0013380c 00000004 b aptEventHandlerThread
00133810 00000008 b aptSleepEvent
00133818 00000008 b aptReceiveEvent
00133820 00000008 b aptEvents
00133828 00000004 b aptLockHandle
0013382c 00000004 b aptRefCount
00133830 00000001 b usingIrrst
00133834 00000004 b hidRefCount
00133838 00000006 b gRate
00133840 00000006 b aVec
00133848 00000004 b cPos
0013384c 00000004 b tPos
00133850 00000004 b kRepeat
00133854 00000004 b kUp
00133858 00000004 b kDown
0013385c 00000004 b kHeld
00133860 00000004 b kOld
00133864 00000004 B hidSharedMem
00133868 00000014 B hidEvents
0013387c 00000004 B hidMemHandle
00133880 00000004 B hidHandle
00133884 00000004 b ptmSysmRefCount
00133888 00000004 b ptmSysmHandle
0013388c 00000004 V __ctru_linear_heap_size
00133890 00000004 V __ctru_heap_size
00133894 00000004 B __ctru_linear_heap
00133898 00000004 B __ctru_heap
0013389c 00000004 B __system_retAddr
001338a0 00000004 B __system_argv
001338a4 00000004 B __system_argc
001338a8 b saved_stack
001338b0 00000004 b arbiter
001338b4 00000004 B __3dslink_host
001338b8 00000004 b srvRefCount
001338bc 00000004 b srvHandle
001338c0 00000004 b currentAddr
001338c4 00000004 b maxAddr
001338c8 00000004 b minAddr
001338cc 00000004 b irrstRefCount
001338d0 00000004 b csPos
001338d4 00000004 b kHeld
001338d8 00000004 B irrstSharedMem
001338dc 00000004 B irrstEvent
001338e0 00000004 B irrstMemHandle
001338e4 00000004 B irrstHandle
001338e8 00000004 b srvPmHandle
001338f0 00000540 b archive_devices
00133e30 00000004 b archive_device_cwd
00133e34 00000001 b archive_initialized
00133e38 00000080 b fsExemptArchives
00133eb8 00000004 b fsuRefCount
00133ebc 00000004 b fsuHandle
00133ec0 0000000c b __sinit_recursive_mutex
00133ecc 0000000c b __sfp_recursive_mutex
00133ed8 00000028 B __malloc_current_mallinfo
00133f00 00000004 B __malloc_max_total_mem
00133f04 00000004 B __malloc_max_sbrked_mem
00133f08 00000004 B __malloc_top_pad
00133f0c 0000000c b __malloc_recursive_mutex
00133f18 0000000c B __atexit_recursive_mutex
00133f24 00000004 b heap_start.0
00133f28 00000004 B fake_heap_start
00133f2c 00000004 B fake_heap_end
00133f30 00000400 b temp_cwd
00134330 00000004 b __hndl_lock
00134334 B __tls_start
00134f3c B __bss_end__
00134f3c A __end__
00134f3c B __tls_end
